<?xml version="1.0" encoding="UTF-8"?>
<Site BuildName="Darwin-clang++"
	BuildStamp="20240810-1010-Experimental"
	Name="iMac-de-Justin"
	Generator="ctest-3.30.2"
	CompilerName="/usr/bin/clang++"
	CompilerVersion=""
	OSName="macOS"
	Hostname="iMac-de-Justin"
	OSRelease="13.6.7"
	OSVersion="22G720"
	OSPlatform="x86_64"
	Is64Bits="1"
	VendorString="GenuineIntel"
	VendorID="Intel Corporation"
	FamilyID="6"
	ModelID="158"
	ProcessorCacheSize="32768"
	NumberOfLogicalCPU="8"
	NumberOfPhysicalCPU="4"
	TotalVirtualMemory="10752"
	TotalPhysicalMemory="40960"
	LogicalProcessorsPerPhysical="8"
	ProcessorClockFrequency="4200"
	>
	<Testing>
		<StartDateTime>Aug 10 06:10 EDT</StartDateTime>
		<StartTestTime>1723284657</StartTestTime>
		<TestList/>
		<EndDateTime>Aug 10 06:10 EDT</EndDateTime>
		<EndTestTime>1723284657</EndTestTime>
		<ElapsedMinutes>0</ElapsedMinutes>
	</Testing>
</Site>
